<?xml version="1.0" encoding="UTF-8"?>
<!-- Generated by org.testng.reporters.JUnitReportReporter -->
<testsuite hostname="Admin" failures="0" tests="1" name="organisation.CreateOrganisation" time="18.791" errors="0" timestamp="26 Jun 2024 10:50:05 GMT" skipped="0">
  <testcase classname="organisation.CreateOrganisation" name="CreateOrg" time="18.791"/>
</testsuite> <!-- organisation.CreateOrganisation -->
