<?xml version="1.0" encoding="UTF-8"?>
<!-- Generated by org.testng.reporters.JUnitReportReporter -->
<testsuite hostname="Admin" failures="0" tests="2" name="practice.HomepageVerification" time="13.864" errors="0" timestamp="02 Jul 2024 06:44:43 GMT" skipped="0">
  <testcase classname="practice.HomepageVerification" name="verifyhomePageLogoTest" time="6.684"/>
  <testcase classname="practice.HomepageVerification" name="homePageTest" time="7.180"/>
</testsuite> <!-- practice.HomepageVerification -->
