<?xml version="1.0" encoding="UTF-8"?>
<!-- Generated by org.testng.reporters.JUnitReportReporter -->
<testsuite hostname="Admin" failures="0" tests="1" name="com.comcast.crm.organizationtest.CreateOrgWithPhoneNumber" time="11.389" errors="0" timestamp="01 Jul 2024 12:11:47 GMT" skipped="0">
  <testcase classname="com.comcast.crm.organizationtest.CreateOrgWithPhoneNumber" name="CreateOrgphno" time="11.389"/>
</testsuite> <!-- com.comcast.crm.organizationtest.CreateOrgWithPhoneNumber -->
