<?xml version="1.0" encoding="UTF-8"?>
<!-- Generated by org.testng.reporters.JUnitReportReporter -->
<testsuite hostname="Admin" failures="0" tests="2" name="com.crm.generic.baseutility.CreateOrgtest" time="0.020" errors="0" timestamp="01 Jul 2024 06:54:51 GMT" skipped="0">
  <testcase classname="com.crm.generic.baseutility.CreateOrgtest" name="createOrg" time="0.011"/>
  <testcase classname="com.crm.generic.baseutility.CreateOrgtest" name="createOrgWithIndustry" time="0.009"/>
</testsuite> <!-- com.crm.generic.baseutility.CreateOrgtest -->
