<?xml version="1.0" encoding="UTF-8"?>
<!-- Generated by org.testng.reporters.JUnitReportReporter -->
<testsuite hostname="Admin" failures="0" tests="1" name="contacts.CreateContactWithSupportDate" time="12.147" errors="0" timestamp="26 Jun 2024 13:01:24 GMT" skipped="0">
  <testcase classname="contacts.CreateContactWithSupportDate" name="CreateContact" time="12.147"/>
</testsuite> <!-- contacts.CreateContactWithSupportDate -->
