<?xml version="1.0" encoding="UTF-8"?>
<!-- Generated by org.testng.reporters.JUnitReportReporter -->
<testsuite hostname="Admin" failures="0" tests="3" name="practice.ExtentreportsClasss" time="6.086" errors="0" timestamp="2024-07-08T16:08:13 IST" skipped="0">
  <testcase classname="practice.ExtentreportsClasss" name="createContactWithphnoTest" time="0.003"/>
  <system-out/>
  <testcase classname="practice.ExtentreportsClasss" name="createContactTest" time="6.074"/>
  <system-out/>
  <testcase classname="practice.ExtentreportsClasss" name="createContactWithOrgTest" time="0.009"/>
  <system-out/>
</testsuite> <!-- practice.ExtentreportsClasss -->
