<?xml version="1.0" encoding="UTF-8"?>
<!-- Generated by org.testng.reporters.JUnitReportReporter -->
<testsuite hostname="Admin" failures="0" tests="1" name="com.comcast.crm.organizationtest.CreateAndDeleteOrganization" time="14.949" errors="0" timestamp="01 Jul 2024 12:11:47 GMT" skipped="0">
  <testcase classname="com.comcast.crm.organizationtest.CreateAndDeleteOrganization" name="CreateOrg" time="14.949"/>
</testsuite> <!-- com.comcast.crm.organizationtest.CreateAndDeleteOrganization -->
