<?xml version="1.0" encoding="UTF-8"?>
<!-- Generated by org.testng.reporters.JUnitReportReporter -->
<testsuite hostname="Admin" failures="0" tests="3" name="practice.GetProductInfo" time="37.613" errors="0" timestamp="28 Jun 2024 13:19:28 GMT" skipped="0">
  <testcase classname="practice.GetProductInfo" name="getProductInfoTest" time="11.686"/>
  <testcase classname="practice.GetProductInfo" name="getProductInfoTest" time="13.387"/>
  <testcase classname="practice.GetProductInfo" name="getProductInfoTest" time="12.540"/>
</testsuite> <!-- practice.GetProductInfo -->
