<?xml version="1.0" encoding="UTF-8"?>
<!-- Generated by org.testng.reporters.JUnitReportReporter -->
<testsuite hostname="Admin" failures="0" tests="1" name="com.comcast.crm.contacttest.CreateContactWithSupportDate" time="14.099" errors="0" timestamp="01 Jul 2024 12:11:47 GMT" skipped="0">
  <testcase classname="com.comcast.crm.contacttest.CreateContactWithSupportDate" name="CreateContact" time="14.099"/>
</testsuite> <!-- com.comcast.crm.contacttest.CreateContactWithSupportDate -->
