<?xml version="1.0" encoding="UTF-8"?>
<!-- Generated by org.testng.reporters.JUnitReportReporter -->
<testsuite hostname="Admin" failures="0" tests="1" name="organisation.CreateOrgWithIndustry" time="15.493" errors="0" timestamp="26 Jun 2024 11:12:29 GMT" skipped="0">
  <testcase classname="organisation.CreateOrgWithIndustry" name="CreateOrgInd" time="15.493"/>
</testsuite> <!-- organisation.CreateOrgWithIndustry -->
