<?xml version="1.0" encoding="UTF-8"?>
<!-- Generated by org.testng.reporters.JUnitReportReporter -->
<testsuite hostname="Admin" failures="0" tests="6" name="com.comcast.crm.contacttest.CreateContacttest" time="29.207" errors="0" timestamp="02 Jul 2024 05:07:09 GMT" skipped="0">
  <testcase classname="com.comcast.crm.contacttest.CreateContacttest" name="connnect" time="0.001"/>
  <testcase classname="com.comcast.crm.contacttest.CreateContacttest" name="con" time="0.002"/>
  <testcase classname="com.comcast.crm.contacttest.CreateContacttest" name="CreateContact" time="12.359"/>
  <testcase classname="com.comcast.crm.contacttest.CreateContacttest" name="connnect" time="0.004"/>
  <testcase classname="com.comcast.crm.contacttest.CreateContacttest" name="con" time="0.007"/>
  <testcase classname="com.comcast.crm.contacttest.CreateContacttest" name="CreateContact" time="16.834"/>
</testsuite> <!-- com.comcast.crm.contacttest.CreateContacttest -->
