<?xml version="1.0" encoding="UTF-8"?>
<!-- Generated by org.testng.reporters.JUnitReportReporter -->
<testsuite hostname="Admin" failures="0" tests="1" name="contacts.CreateContacttest" time="31.398" errors="0" timestamp="2024-07-10T12:54:24 IST" skipped="0">
  <testcase classname="contacts.CreateContacttest" name="CreateContact" time="31.398"/>
  <system-out/>
</testsuite> <!-- contacts.CreateContacttest -->
