<?xml version="1.0" encoding="UTF-8"?>
<!-- Generated by org.testng.reporters.JUnitReportReporter -->
<testsuite hostname="Admin" failures="0" tests="1" name="contacts.CreateContactWithOrganisation" time="19.914" errors="0" timestamp="27 Jun 2024 05:37:07 GMT" skipped="0">
  <testcase classname="contacts.CreateContactWithOrganisation" name="CreateOrg" time="19.914"/>
</testsuite> <!-- contacts.CreateContactWithOrganisation -->
