<?xml version="1.0" encoding="UTF-8"?>
<!-- Generated by org.testng.reporters.JUnitReportReporter -->
<testsuite hostname="Admin" failures="0" tests="2" name="practice.AnnotationClass" time="0.020" errors="0" timestamp="01 Jul 2024 05:54:49 GMT" skipped="0">
  <testcase classname="practice.AnnotationClass" name="createContact" time="0.011"/>
  <testcase classname="practice.AnnotationClass" name="createContactWithPhno" time="0.009"/>
</testsuite> <!-- practice.AnnotationClass -->
