<?xml version="1.0" encoding="UTF-8"?>
<!-- Generated by org.testng.reporters.JUnitReportReporter -->
<testsuite hostname="Admin" failures="0" tests="3" name="practice.CreateContactDataProviderTest" time="0.035" errors="0" timestamp="28 Jun 2024 12:20:37 GMT" skipped="0">
  <testcase classname="practice.CreateContactDataProviderTest" name="createContact" time="0.012"/>
  <testcase classname="practice.CreateContactDataProviderTest" name="createContact" time="0.015"/>
  <testcase classname="practice.CreateContactDataProviderTest" name="createContact" time="0.008"/>
</testsuite> <!-- practice.CreateContactDataProviderTest -->
