<?xml version="1.0" encoding="UTF-8"?>
<!-- Generated by org.testng.reporters.JUnitReportReporter -->
<testsuite hostname="Admin" failures="0" tests="1" name="organisation.CreateOrgWithPhoneNumber" time="12.219" errors="0" timestamp="26 Jun 2024 11:56:46 GMT" skipped="0">
  <testcase classname="organisation.CreateOrgWithPhoneNumber" name="CreateOrgphno" time="12.219"/>
</testsuite> <!-- organisation.CreateOrgWithPhoneNumber -->
