<?xml version="1.0" encoding="UTF-8"?>
<!-- Generated by org.testng.reporters.JUnitReportReporter -->
<testsuite hostname="Admin" failures="0" tests="1" name="practice.Pscreenshot" time="7.681" errors="0" timestamp="05 Jul 2024 05:46:15 GMT" skipped="0">
  <testcase classname="practice.Pscreenshot" name="amazonTest" time="7.681"/>
</testsuite> <!-- practice.Pscreenshot -->
